#
# A fatal error has been detected by the Java Runtime Environment:
#
#  EXCEPTION_ACCESS_VIOLATION (0xc0000005) at pc=0x000007fed2efa5d0, pid=6108, tid=5920
#
# JRE version: Java(TM) SE Runtime Environment (8.0_05-b13) (build 1.8.0_05-b13)
# Java VM: Java HotSpot(TM) 64-Bit Server VM (25.5-b02 mixed mode windows-amd64 compressed oops)
# Problematic frame:
# C  0x000007fed2efa5d0
#
# Failed to write core dump. Minidumps are not enabled by default on client versions of Windows
#
# If you would like to submit a bug report, please visit:
#   http://bugreport.sun.com/bugreport/crash.jsp
# The crash happened outside the Java Virtual Machine in native code.
# See problematic frame for where to report the bug.
#

---------------  T H R E A D  ---------------

Current thread (0x00000000083da800):  JavaThread "AWT-EventQueue-1" [_thread_in_native, id=5920, stack(0x0000000026930000,0x0000000026e30000)]

siginfo: ExceptionCode=0xc0000005, reading address 0x00000000000001df

Registers:
RAX=0x0000202b640da530, RBX=0x0000000000000558, RCX=0x000000000000000f, RDX=0x0000000026e29970
RSP=0x0000000026e29828, RBP=0x0000000026e29980, RSI=0x0000000702644848, RDI=0x0000000005905e60
R8 =0x0000000005905e60, R9 =0x000000000000000a, R10=0x000007fed36e9010, R11=0x00000000054e0000
R12=0x0000000000000000, R13=0x00000007004bfb98, R14=0x0000000026e29970, R15=0x00000000083da800
RIP=0x000007fed2efa5d0, EFLAGS=0x0000000000010206

Top of Stack: (sp=0x0000000026e29828)
0x0000000026e29828:   000007fed35b96fb 0000000000000000
0x0000000026e29838:   00000000083da800 00000007027918b0
0x0000000026e29848:   00000007bdd1c8a8 0000000000000558
0x0000000026e29858:   000007fed36e903f 0000000007e710c0
0x0000000026e29868:   0000000701557890 00000007e03f43df
0x0000000026e29878:   e03f43dfe007403b 00000000083da9e0
0x0000000026e29888:   00000000139d441c 0000000701fa1ff8
0x0000000026e29898:   fffffffffffffffe 0000000000000010
0x0000000026e298a8:   00000000134633c6 0000000000000000
0x0000000026e298b8:   0000000013344740 0000000702479680
0x0000000026e298c8:   0000000701557890 00000007bdd1c8a8
0x0000000026e298d8:   0000000100000000 00000007027918b0
0x0000000026e298e8:   0000000701fa1ff8 00000007bda8cfe8
0x0000000026e298f8:   00000000127ef18c 0000000000000000
0x0000000026e29908:   0000202b640da530 00000007003a01d8
0x0000000026e29918:   0000000014b089c3 0000000000000002 

Instructions: (pc=0x000007fed2efa5d0)
0x000007fed2efa5b0:   48 8b 89 00 02 00 00 e9 64 ca 0a 00 cc cc cc cc
0x000007fed2efa5c0:   48 8b 89 00 02 00 00 e9 64 ca 0a 00 cc cc cc cc
0x000007fed2efa5d0:   48 8b 89 d0 01 00 00 48 85 c9 0f 85 10 d6 0a 00
0x000007fed2efa5e0:   32 c0 c3 cc cc cc cc cc cc cc cc cc cc cc cc cc 


Register to memory mapping:

RAX=0x0000202b640da530 is an unknown value
RBX=0x0000000000000558 is an unknown value
RCX=0x000000000000000f is an unknown value
RDX=0x0000000026e29970 is pointing into the stack for thread: 0x00000000083da800
RSP=0x0000000026e29828 is pointing into the stack for thread: 0x00000000083da800
RBP=0x0000000026e29980 is pointing into the stack for thread: 0x00000000083da800
RSI=0x0000000702644848 is an oop
ui.views.b.l.c.d 
 - klass: 'ui/views/b/l/c/d'
RDI=0x0000000005905e60 is an unknown value
R8 =0x0000000005905e60 is an unknown value
R9 =0x000000000000000a is an unknown value
R10=0x000007fed36e9010 is an unknown value
R11=0x00000000054e0000 is an unknown value
R12=0x0000000000000000 is an unknown value
R13=0x00000007004bfb98 is an oop
ui.frmwork.E 
 - klass: 'ui/frmwork/E'
R14=0x0000000026e29970 is pointing into the stack for thread: 0x00000000083da800
R15=0x00000000083da800 is a thread


Stack: [0x0000000026930000,0x0000000026e30000],  sp=0x0000000026e29828,  free space=5094k
Native frames: (J=compiled Java code, j=interpreted, Vv=VM code, C=native code)
C  0x000007fed2efa5d0

Java frames: (J=compiled Java code, j=interpreted, Vv=VM code)
J 13543  ui.data.labtools.lthwdatai.HWDevice_isXicomCfgMemSupported(J)Z (0 bytes) @ 0x0000000014b08941 [0x0000000014b08900+0x41]
J 11609 C1 ui.views.b.l.c.a.aW()Z (44 bytes) @ 0x0000000014342da4 [0x0000000014342900+0x4a4]
J 11617 C1 ui.views.b.l.c.d.l(Lui/views/H/e;)Z (5 bytes) @ 0x00000000130ebf44 [0x00000000130ebec0+0x84]
J 11298 C2 ui.views.H.n.j(Lui/views/H/W;)Z (51 bytes) @ 0x0000000014560280 [0x0000000014560220+0x60]
J 10723 C2 ui.views.H.j.getTreeCellRendererComponent(Ljavax/swing/JTree;Ljava/lang/Object;ZZZIZ)Ljava/awt/Component; (433 bytes) @ 0x00000000143a6c8c [0x00000000143a5160+0x1b2c]
J 15546 C2 org.jdesktop.swingx.JXTree$DelegatingRenderer.getTreeCellRendererComponent(Ljavax/swing/JTree;Ljava/lang/Object;ZZZIZ)Ljava/awt/Component; (75 bytes) @ 0x0000000012fe730c [0x0000000012fe72a0+0x6c]
J 15563 C2 javax.swing.tree.VariableHeightLayoutCache$TreeStateNode.expand(Z)V (532 bytes) @ 0x000000001441c3ec [0x000000001441afc0+0x142c]
J 11280 C1 javax.swing.tree.VariableHeightLayoutCache.ensurePathIsExpanded(Ljavax/swing/tree/TreePath;Z)V (56 bytes) @ 0x0000000013e8c74c [0x0000000013e8be40+0x90c]
J 10934 C1 javax.swing.tree.VariableHeightLayoutCache.setExpandedState(Ljavax/swing/tree/TreePath;Z)V (38 bytes) @ 0x000000001448c954 [0x000000001448c180+0x7d4]
J 10936 C1 javax.swing.plaf.basic.BasicTreeUI.updateExpandedDescendants(Ljavax/swing/tree/TreePath;)V (73 bytes) @ 0x00000000144879c4 [0x0000000014487820+0x1a4]
J 11002 C1 javax.swing.plaf.basic.BasicTreeUI$Handler.treeExpanded(Ljavax/swing/event/TreeExpansionEvent;)V (28 bytes) @ 0x00000000144c7d3c [0x00000000144c7c00+0x13c]
J 11001 C1 javax.swing.JTree.fireTreeExpanded(Ljavax/swing/tree/TreePath;)V (107 bytes) @ 0x00000000144cd70c [0x00000000144cd3e0+0x32c]
J 10543 C1 javax.swing.JTree.setExpandedState(Ljavax/swing/tree/TreePath;Z)V (422 bytes) @ 0x00000000142b3aec [0x00000000142b0e60+0x2c8c]
J 15485 C1 javax.swing.JTree.expandPath(Ljavax/swing/tree/TreePath;)V (33 bytes) @ 0x0000000014456a94 [0x00000000144567e0+0x2b4]
j  ui.g.i.w.Y.K(Ljava/util/List;)V+65
j  ui.g.i.w.Y.cqU()V+17
j  ui.views.H.u.update()V+18
j  ui.views.H.G.update()V+4
j  ui.views.H.W.eVI()V+11
j  ui.aY.cc()V+8
j  ui.aY.O()V+15
j  ui.views.L.B.documentComponentOpened(Lcom/jidesoft/document/DocumentComponentEvent;)V+10
j  com.jidesoft.document.DocumentComponent.a(I)V+530
j  com.jidesoft.document.DocumentPane.a(Lcom/jidesoft/document/DocumentComponent;Z)V+284
j  com.jidesoft.document.DocumentPane.openDocument(Lcom/jidesoft/document/DocumentComponent;Z)V+84
j  com.jidesoft.document.DocumentPane.openDocument(Lcom/jidesoft/document/DocumentComponent;)V+3
j  ui.views.L.a.a(Lui/views/aG;Lui/views/L/C;ZZZ)V+93
j  ui.views.L.a.a(Lui/views/aG;Lui/views/L/C;ZZ)V+7
j  ui.views.N.x(Lui/views/cT;)V+167
j  ui.views.H.W.ag(Lui/views/cT;)V+51
j  ui.views.H.W.y(Lui/views/H/e;)V+78
j  ui.views.b.l.E.run()V+10
j  ui.views.cS.b(I)V+26
j  ui.b.b.cn.t()V+229
j  ui.b.b.cB.finished()V+4
j  ui.frmwork.q.run()V+11
J 8434 C2 java.awt.EventQueue$3.run()Ljava/lang/Void; (60 bytes) @ 0x0000000013bb7140 [0x0000000013bb6e60+0x2e0]
J 15518 C2 java.awt.EventQueue$3.run()Ljava/lang/Object; (5 bytes) @ 0x0000000012bae9d4 [0x0000000012bae9a0+0x34]
v  ~StubRoutines::call_stub
J 1619  java.security.AccessController.doPrivileged(Ljava/security/PrivilegedAction;Ljava/security/AccessControlContext;)Ljava/lang/Object; (0 bytes) @ 0x00000000127f1fe6 [0x00000000127f1f80+0x66]
J 8545 C2 ui.frmwork.a.e.dispatchEvent(Ljava/awt/AWTEvent;)V (30 bytes) @ 0x0000000013c3f728 [0x0000000013c3f540+0x1e8]
J 10172 C2 java.awt.EventDispatchThread.pumpOneEventForFilters(I)V (295 bytes) @ 0x0000000014073bcc [0x0000000014073920+0x2ac]
J 13422 C2 java.awt.EventDispatchThread.pumpEventsForFilter(ILjava/awt/Conditional;Ljava/awt/EventFilter;)V (47 bytes) @ 0x0000000014a9f0e0 [0x0000000014a9eec0+0x220]
j  java.awt.EventDispatchThread.pumpEventsForFilter(Ljava/awt/Conditional;Ljava/awt/EventFilter;)V+4
j  java.awt.WaitDispatchSupport$2.run()V+59
j  java.awt.WaitDispatchSupport$4.run()Ljava/lang/Void;+4
j  java.awt.WaitDispatchSupport$4.run()Ljava/lang/Object;+1
v  ~StubRoutines::call_stub
J 205  java.security.AccessController.doPrivileged(Ljava/security/PrivilegedAction;)Ljava/lang/Object; (0 bytes) @ 0x00000000123f2392 [0x00000000123f2340+0x52]
j  java.awt.WaitDispatchSupport.enter()Z+279
j  java.awt.Dialog.show()V+233
J 3527 C1 java.awt.Component.setVisible(Z)V (6 bytes) @ 0x0000000012d3ac14 [0x0000000012d3aaa0+0x174]
j  java.awt.Window.setVisible(Z)V+2
j  java.awt.Dialog.setVisible(Z)V+2
j  ui.b.b.P.setVisible(Z)V+2
j  ui.b.b.cn.aaA()V+52
j  ui.b.b.cy.actionPerformed(Ljava/awt/event/ActionEvent;)V+43
j  ui.b.b.cn.cqa()V+290
j  ui.views.b.l.D.actionPerformed(Ljava/awt/event/ActionEvent;)V+214
j  javax.swing.AbstractButton.fireActionPerformed(Ljava/awt/event/ActionEvent;)V+83
j  javax.swing.AbstractButton$Handler.actionPerformed(Ljava/awt/event/ActionEvent;)V+5
j  javax.swing.DefaultButtonModel.fireActionPerformed(Ljava/awt/event/ActionEvent;)V+34
j  javax.swing.DefaultButtonModel.setPressed(Z)V+117
j  javax.swing.AbstractButton.doClick(I)V+64
j  com.jidesoft.plaf.vsnet.VsnetMenuItemUI.doClick(Ljavax/swing/MenuSelectionManager;)V+17
j  com.jidesoft.plaf.vsnet.VsnetMenuItemUI$MouseInputHandler.mouseReleased(Ljava/awt/event/MouseEvent;)V+85
j  java.awt.AWTEventMulticaster.mouseReleased(Ljava/awt/event/MouseEvent;)V+8
j  java.awt.AWTEventMulticaster.mouseReleased(Ljava/awt/event/MouseEvent;)V+8
J 9915 C1 java.awt.Component.processMouseEvent(Ljava/awt/event/MouseEvent;)V (100 bytes) @ 0x0000000012fc2d0c [0x0000000012fc29e0+0x32c]
J 9914 C1 javax.swing.JComponent.processMouseEvent(Ljava/awt/event/MouseEvent;)V (27 bytes) @ 0x000000001303890c [0x0000000013038760+0x1ac]
J 11439 C2 java.awt.Container.processEvent(Ljava/awt/AWTEvent;)V (22 bytes) @ 0x00000000131f6dec [0x00000000131f6cc0+0x12c]
J 16614 C1 java.awt.Component.dispatchEventImpl(Ljava/awt/AWTEvent;)V (883 bytes) @ 0x000000001426e85c [0x0000000014269dc0+0x4a9c]
j  java.awt.Container.dispatchEventImpl(Ljava/awt/AWTEvent;)V+42
J 11641 C2 java.awt.LightweightDispatcher.retargetMouseEvent(Ljava/awt/Component;ILjava/awt/event/MouseEvent;)V (350 bytes) @ 0x00000000145c90f4 [0x00000000145c8be0+0x514]
J 9483 C1 java.awt.LightweightDispatcher.processMouseEvent(Ljava/awt/event/MouseEvent;)Z (301 bytes) @ 0x00000000126779e4 [0x00000000126768e0+0x1104]
J 9198 C1 java.awt.LightweightDispatcher.dispatchEvent(Ljava/awt/AWTEvent;)Z (73 bytes) @ 0x00000000130a7734 [0x00000000130a7300+0x434]
j  java.awt.Container.dispatchEventImpl(Ljava/awt/AWTEvent;)V+12
J 12561 C2 java.awt.Window.dispatchEventImpl(Ljava/awt/AWTEvent;)V (23 bytes) @ 0x0000000013ba668c [0x0000000013ba6640+0x4c]
J 8434 C2 java.awt.EventQueue$3.run()Ljava/lang/Void; (60 bytes) @ 0x0000000013bb7204 [0x0000000013bb6e60+0x3a4]
J 15518 C2 java.awt.EventQueue$3.run()Ljava/lang/Object; (5 bytes) @ 0x0000000012bae9d4 [0x0000000012bae9a0+0x34]
v  ~StubRoutines::call_stub
J 1619  java.security.AccessController.doPrivileged(Ljava/security/PrivilegedAction;Ljava/security/AccessControlContext;)Ljava/lang/Object; (0 bytes) @ 0x00000000127f1fe6 [0x00000000127f1f80+0x66]
J 12173 C2 java.awt.EventQueue$4.run()Ljava/lang/Object; (5 bytes) @ 0x0000000012d67478 [0x0000000012d67360+0x118]
v  ~StubRoutines::call_stub
J 1619  java.security.AccessController.doPrivileged(Ljava/security/PrivilegedAction;Ljava/security/AccessControlContext;)Ljava/lang/Object; (0 bytes) @ 0x00000000127f1fe6 [0x00000000127f1f80+0x66]
J 8545 C2 ui.frmwork.a.e.dispatchEvent(Ljava/awt/AWTEvent;)V (30 bytes) @ 0x0000000013c3f998 [0x0000000013c3f540+0x458]
J 10172 C2 java.awt.EventDispatchThread.pumpOneEventForFilters(I)V (295 bytes) @ 0x0000000014073bcc [0x0000000014073920+0x2ac]
J 13348% C2 java.awt.EventDispatchThread.pumpEventsForFilter(ILjava/awt/Conditional;Ljava/awt/EventFilter;)V (47 bytes) @ 0x0000000014a574c8 [0x0000000014a573c0+0x108]
j  java.awt.EventDispatchThread.pumpEventsForHierarchy(ILjava/awt/Conditional;Ljava/awt/Component;)V+11
j  java.awt.EventDispatchThread.pumpEvents(ILjava/awt/Conditional;)V+4
j  java.awt.EventDispatchThread.pumpEvents(Ljava/awt/Conditional;)V+3
j  java.awt.EventDispatchThread.run()V+9
v  ~StubRoutines::call_stub

---------------  P R O C E S S  ---------------

Java Threads: ( => current thread )
  0x000000004ac3f800 JavaThread "Image Fetcher 0" daemon [_thread_blocked, id=6148, stack(0x0000000061460000,0x0000000061960000)]
  0x0000000031f9b000 JavaThread "Refresh links" [_thread_blocked, id=4240, stack(0x0000000038580000,0x0000000038a80000)]
  0x0000000031f9e000 JavaThread "Refresh GTs" [_thread_blocked, id=3800, stack(0x0000000038010000,0x0000000038510000)]
  0x000000002f14c000 JavaThread "Monitor File Timestamp" [_thread_blocked, id=3304, stack(0x00000000379a0000,0x0000000037ea0000)]
  0x000000003011d800 JavaThread "Monitor File Timestamp" [_thread_blocked, id=3208, stack(0x00000000362e0000,0x00000000367e0000)]
  0x000000002aa64000 JavaThread "Monitor File Timestamp" [_thread_blocked, id=5628, stack(0x0000000033c00000,0x0000000034100000)]
  0x000000002aa6e000 JavaThread "Monitor File Timestamp" [_thread_blocked, id=5620, stack(0x0000000033690000,0x0000000033b90000)]
  0x000000002aa6e800 JavaThread "Monitor File Timestamp" [_thread_blocked, id=5616, stack(0x0000000033120000,0x0000000033620000)]
  0x00000000231dd800 JavaThread "hw_ila_monitor" [_thread_blocked, id=1172, stack(0x000000002a140000,0x000000002a640000)]
  0x00000000247e3800 JavaThread "Update Runs" [_thread_blocked, id=2304, stack(0x000000002e4a0000,0x000000002e9a0000)]
  0x0000000028ae1000 JavaThread "Refresh Filesets" [_thread_blocked, id=452, stack(0x0000000026f00000,0x0000000027400000)]
  0x0000000024673000 JavaThread "Swing-Shell" daemon [_thread_blocked, id=5396, stack(0x000000002c2b0000,0x000000002c7b0000)]
  0x0000000029d0d800 JavaThread "Monitor File Timestamp" [_thread_blocked, id=3344, stack(0x000000002b460000,0x000000002b960000)]
=>0x00000000083da800 JavaThread "AWT-EventQueue-1" [_thread_in_native, id=5920, stack(0x0000000026930000,0x0000000026e30000)]
  0x00000000083dd800 JavaThread "Process Messages" [_thread_blocked, id=248, stack(0x0000000026420000,0x0000000026920000)]
  0x0000000005425000 JavaThread "Thread-3" [_thread_in_native, id=6092, stack(0x0000000002540000,0x0000000003940000)]
  0x00000000230c7000 JavaThread "AWT-EventQueue-0" [_thread_blocked, id=320, stack(0x0000000025dc0000,0x00000000262c0000)]
  0x0000000024083000 JavaThread "AWT-Windows" daemon [_thread_in_native, id=316, stack(0x00000000257a0000,0x0000000025ca0000)]
  0x0000000024084000 JavaThread "AWT-Shutdown" [_thread_blocked, id=468, stack(0x0000000025230000,0x0000000025730000)]
  0x0000000024086000 JavaThread "Java2D Disposer" daemon [_thread_blocked, id=2468, stack(0x0000000024c10000,0x0000000025110000)]
  0x0000000022f1c000 JavaThread "TimerQueue" daemon [_thread_blocked, id=5884, stack(0x0000000023410000,0x0000000023910000)]
  0x000000000a505800 JavaThread "Service Thread" daemon [_thread_blocked, id=5876, stack(0x00000000224c0000,0x00000000229c0000)]
  0x00000000085d1000 JavaThread "C1 CompilerThread3" daemon [_thread_blocked, id=5892, stack(0x0000000011e50000,0x0000000011f50000)]
  0x00000000085f1800 JavaThread "C2 CompilerThread2" daemon [_thread_blocked, id=5868, stack(0x000000000a6c0000,0x000000000a7c0000)]
  0x0000000009db1800 JavaThread "C2 CompilerThread1" daemon [_thread_blocked, id=5928, stack(0x000000000a7d0000,0x000000000a8d0000)]
  0x000000000a4b0800 JavaThread "C2 CompilerThread0" daemon [_thread_blocked, id=5852, stack(0x0000000011790000,0x0000000011890000)]
  0x000000000a4d1800 JavaThread "Attach Listener" daemon [_thread_blocked, id=5864, stack(0x0000000021d50000,0x0000000022250000)]
  0x000000000a4c1000 JavaThread "Signal Dispatcher" daemon [_thread_blocked, id=5848, stack(0x0000000021810000,0x0000000021d10000)]
  0x0000000008604000 JavaThread "Finalizer" daemon [_thread_blocked, id=5844, stack(0x00000000212c0000,0x00000000217c0000)]
  0x0000000008605800 JavaThread "Reference Handler" daemon [_thread_blocked, id=5860, stack(0x0000000011890000,0x0000000011d90000)]
  0x0000000005b65800 JavaThread "main" [_thread_blocked, id=3040, stack(0x0000000008820000,0x0000000008920000)]

Other Threads:
  0x0000000008609000 VMThread [stack: 0x000000000a530000,0x000000000a630000] [id=5872]
  0x000000000a504800 WatcherThread [stack: 0x0000000022a60000,0x0000000022b60000] [id=5888]

VM state:not at safepoint (normal execution)

VM Mutex/Monitor currently owned by a thread: None

Heap:
 PSYoungGen      total 47104K, used 26399K [0x00000007bc400000, 0x00000007c0000000, 0x00000007c0000000)
  eden space 33792K, 76% used [0x00000007bc400000,0x00000007bdd3be80,0x00000007be500000)
  from space 13312K, 4% used [0x00000007be500000,0x00000007be58c010,0x00000007bf200000)
  to   space 12800K, 0% used [0x00000007bf380000,0x00000007bf380000,0x00000007c0000000)
 ParOldGen       total 136704K, used 90488K [0x0000000700000000, 0x0000000708580000, 0x00000007bc400000)
  object space 136704K, 66% used [0x0000000700000000,0x000000070585e1e8,0x0000000708580000)
 Metaspace       used 65257K, capacity 65681K, committed 66176K, reserved 1105920K
  class space    used 9709K, capacity 9777K, committed 9856K, reserved 1048576K

Card table byte_map: [0x0000000008ce0000,0x00000000092f0000] byte_map_base: 0x00000000054e0000

Marking Bits: (ParMarkBitMap*) 0x0000000064a313b0
 Begin Bits: [0x000000000a990000, 0x000000000d990000)
 End Bits:   [0x000000000d990000, 0x0000000010990000)

Polling page: 0x00000000003c0000

CodeCache: size=245760Kb used=46157Kb max_used=47468Kb free=199602Kb
 bounds [0x0000000012270000, 0x0000000015140000, 0x0000000021270000]
 total_blobs=13475 nmethods=12606 adapters=775
 compilation: enabled

Compilation events (10 events):
Event: 7893.846 Thread 0x000000000a4b0800 16771       4       javax.swing.text.html.ParagraphView::setPropertiesFromAttributes (211 bytes)
Event: 7893.847 Thread 0x00000000085f1800 16772       4       javax.swing.text.ParagraphView::setPropertiesFromAttributes (107 bytes)
Event: 7893.855 Thread 0x00000000085f1800 nmethod 16772 0x0000000012a53750 code [0x0000000012a53a00, 0x0000000012a545f0]
Event: 7893.860 Thread 0x000000000a4b0800 nmethod 16771 0x0000000012f29250 code [0x0000000012f295e0, 0x0000000012f2abb8]
Event: 7893.866 Thread 0x00000000085d1000 16773       3       ui.g.i.o.e::updateTitle (9 bytes)
Event: 7893.866 Thread 0x00000000085d1000 nmethod 16773 0x0000000012d89f90 code [0x0000000012d8a100, 0x0000000012d8a2a8]
Event: 7893.867 Thread 0x00000000085d1000 16774   !   3       java.awt.Container::dispatchEventImpl (129 bytes)
Event: 7893.867 Thread 0x00000000085d1000 nmethod 16774 0x000000001480b090 code [0x000000001480b280, 0x000000001480bcf8]
Event: 7893.870 Thread 0x0000000009db1800 16775       4       ui.project.a::qb (16 bytes)
Event: 7893.871 Thread 0x0000000009db1800 nmethod 16775 0x0000000013499350 code [0x00000000134994a0, 0x0000000013499548]

GC Heap History (10 events):
Event: 7891.050 GC heap before
{Heap before GC invocations=137 (full 10):
 PSYoungGen      total 45056K, used 27838K [0x00000007bc400000, 0x00000007c0000000, 0x00000007c0000000)
  eden space 27648K, 99% used [0x00000007bc400000,0x00000007bdeff900,0x00000007bdf00000)
  from space 17408K, 1% used [0x00000007bef00000,0x00000007bef30000,0x00000007c0000000)
  to   space 16384K, 0% used [0x00000007bdf00000,0x00000007bdf00000,0x00000007bef00000)
 ParOldGen       total 136704K, used 90053K [0x0000000700000000, 0x0000000708580000, 0x00000007bc400000)
  object space 136704K, 65% used [0x0000000700000000,0x00000007057f1728,0x0000000708580000)
 Metaspace       used 65221K, capacity 65617K, committed 66176K, reserved 1105920K
  class space    used 9703K, capacity 9777K, committed 9856K, reserved 1048576K
Event: 7891.052 GC heap after
Heap after GC invocations=137 (full 10):
 PSYoungGen      total 44032K, used 256K [0x00000007bc400000, 0x00000007c0000000, 0x00000007c0000000)
  eden space 27648K, 0% used [0x00000007bc400000,0x00000007bc400000,0x00000007bdf00000)
  from space 16384K, 1% used [0x00000007bdf00000,0x00000007bdf40000,0x00000007bef00000)
  to   space 15872K, 0% used [0x00000007bf080000,0x00000007bf080000,0x00000007c0000000)
 ParOldGen       total 136704K, used 90069K [0x0000000700000000, 0x0000000708580000, 0x00000007bc400000)
  object space 136704K, 65% used [0x0000000700000000,0x00000007057f5728,0x0000000708580000)
 Metaspace       used 65221K, capacity 65617K, committed 66176K, reserved 1105920K
  class space    used 9703K, capacity 9777K, committed 9856K, reserved 1048576K
}
Event: 7891.540 GC heap before
{Heap before GC invocations=138 (full 10):
 PSYoungGen      total 44032K, used 27896K [0x00000007bc400000, 0x00000007c0000000, 0x00000007c0000000)
  eden space 27648K, 99% used [0x00000007bc400000,0x00000007bdefe308,0x00000007bdf00000)
  from space 16384K, 1% used [0x00000007bdf00000,0x00000007bdf40000,0x00000007bef00000)
  to   space 15872K, 0% used [0x00000007bf080000,0x00000007bf080000,0x00000007c0000000)
 ParOldGen       total 136704K, used 90069K [0x0000000700000000, 0x0000000708580000, 0x00000007bc400000)
  object space 136704K, 65% used [0x0000000700000000,0x00000007057f5728,0x0000000708580000)
 Metaspace       used 65221K, capacity 65617K, committed 66176K, reserved 1105920K
  class space    used 9703K, capacity 9777K, committed 9856K, reserved 1048576K
Event: 7891.549 GC heap after
Heap after GC invocations=138 (full 10):
 PSYoungGen      total 46592K, used 224K [0x00000007bc400000, 0x00000007c0000000, 0x00000007c0000000)
  eden space 30720K, 0% used [0x00000007bc400000,0x00000007bc400000,0x00000007be200000)
  from space 15872K, 1% used [0x00000007bf080000,0x00000007bf0b8000,0x00000007c0000000)
  to   space 14848K, 0% used [0x00000007be200000,0x00000007be200000,0x00000007bf080000)
 ParOldGen       total 136704K, used 90085K [0x0000000700000000, 0x0000000708580000, 0x00000007bc400000)
  object space 136704K, 65% used [0x0000000700000000,0x00000007057f9728,0x0000000708580000)
 Metaspace       used 65221K, capacity 65617K, committed 66176K, reserved 1105920K
  class space    used 9703K, capacity 9777K, committed 9856K, reserved 1048576K
}
Event: 7892.637 GC heap before
{Heap before GC invocations=139 (full 10):
 PSYoungGen      total 46592K, used 30944K [0x00000007bc400000, 0x00000007c0000000, 0x00000007c0000000)
  eden space 30720K, 100% used [0x00000007bc400000,0x00000007be200000,0x00000007be200000)
  from space 15872K, 1% used [0x00000007bf080000,0x00000007bf0b8000,0x00000007c0000000)
  to   space 14848K, 0% used [0x00000007be200000,0x00000007be200000,0x00000007bf080000)
 ParOldGen       total 136704K, used 90085K [0x0000000700000000, 0x0000000708580000, 0x00000007bc400000)
  object space 136704K, 65% used [0x0000000700000000,0x00000007057f9728,0x0000000708580000)
 Metaspace       used 65234K, capacity 65617K, committed 66176K, reserved 1105920K
  class space    used 9704K, capacity 9777K, committed 9856K, reserved 1048576K
Event: 7892.642 GC heap after
Heap after GC invocations=139 (full 10):
 PSYoungGen      total 45568K, used 672K [0x00000007bc400000, 0x00000007c0000000, 0x00000007c0000000)
  eden space 30720K, 0% used [0x00000007bc400000,0x00000007bc400000,0x00000007be200000)
  from space 14848K, 4% used [0x00000007be200000,0x00000007be2a8130,0x00000007bf080000)
  to   space 14336K, 0% used [0x00000007bf200000,0x00000007bf200000,0x00000007c0000000)
 ParOldGen       total 136704K, used 90101K [0x0000000700000000, 0x0000000708580000, 0x00000007bc400000)
  object space 136704K, 65% used [0x0000000700000000,0x00000007057fd728,0x0000000708580000)
 Metaspace       used 65234K, capacity 65617K, committed 66176K, reserved 1105920K
  class space    used 9704K, capacity 9777K, committed 9856K, reserved 1048576K
}
Event: 7892.782 GC heap before
{Heap before GC invocations=140 (full 10):
 PSYoungGen      total 45568K, used 31386K [0x00000007bc400000, 0x00000007c0000000, 0x00000007c0000000)
  eden space 30720K, 99% used [0x00000007bc400000,0x00000007be1fe888,0x00000007be200000)
  from space 14848K, 4% used [0x00000007be200000,0x00000007be2a8130,0x00000007bf080000)
  to   space 14336K, 0% used [0x00000007bf200000,0x00000007bf200000,0x00000007c0000000)
 ParOldGen       total 136704K, used 90101K [0x0000000700000000, 0x0000000708580000, 0x00000007bc400000)
  object space 136704K, 65% used [0x0000000700000000,0x00000007057fd728,0x0000000708580000)
 Metaspace       used 65234K, capacity 65617K, committed 66176K, reserved 1105920K
  class space    used 9704K, capacity 9777K, committed 9856K, reserved 1048576K
Event: 7892.785 GC heap after
Heap after GC invocations=140 (full 10):
 PSYoungGen      total 48128K, used 288K [0x00000007bc400000, 0x00000007c0000000, 0x00000007c0000000)
  eden space 33792K, 0% used [0x00000007bc400000,0x00000007bc400000,0x00000007be500000)
  from space 14336K, 2% used [0x00000007bf200000,0x00000007bf248000,0x00000007c0000000)
  to   space 13312K, 0% used [0x00000007be500000,0x00000007be500000,0x00000007bf200000)
 ParOldGen       total 136704K, used 90448K [0x0000000700000000, 0x0000000708580000, 0x00000007bc400000)
  object space 136704K, 66% used [0x0000000700000000,0x00000007058541e8,0x0000000708580000)
 Metaspace       used 65234K, capacity 65617K, committed 66176K, reserved 1105920K
  class space    used 9704K, capacity 9777K, committed 9856K, reserved 1048576K
}
Event: 7893.646 GC heap before
{Heap before GC invocations=141 (full 10):
 PSYoungGen      total 48128K, used 34080K [0x00000007bc400000, 0x00000007c0000000, 0x00000007c0000000)
  eden space 33792K, 100% used [0x00000007bc400000,0x00000007be500000,0x00000007be500000)
  from space 14336K, 2% used [0x00000007bf200000,0x00000007bf248000,0x00000007c0000000)
  to   space 13312K, 0% used [0x00000007be500000,0x00000007be500000,0x00000007bf200000)
 ParOldGen       total 136704K, used 90448K [0x0000000700000000, 0x0000000708580000, 0x00000007bc400000)
  object space 136704K, 66% used [0x0000000700000000,0x00000007058541e8,0x0000000708580000)
 Metaspace       used 65246K, capacity 65617K, committed 66176K, reserved 1105920K
  class space    used 9709K, capacity 9777K, committed 9856K, reserved 1048576K
Event: 7893.649 GC heap after
Heap after GC invocations=141 (full 10):
 PSYoungGen      total 47104K, used 560K [0x00000007bc400000, 0x00000007c0000000, 0x00000007c0000000)
  eden space 33792K, 0% used [0x00000007bc400000,0x00000007bc400000,0x00000007be500000)
  from space 13312K, 4% used [0x00000007be500000,0x00000007be58c010,0x00000007bf200000)
  to   space 12800K, 0% used [0x00000007bf380000,0x00000007bf380000,0x00000007c0000000)
 ParOldGen       total 136704K, used 90488K [0x0000000700000000, 0x0000000708580000, 0x00000007bc400000)
  object space 136704K, 66% used [0x0000000700000000,0x000000070585e1e8,0x0000000708580000)
 Metaspace       used 65246K, capacity 65617K, committed 66176K, reserved 1105920K
  class space    used 9709K, capacity 9777K, committed 9856K, reserved 1048576K
}

Deoptimization events (10 events):
Event: 7893.617 Thread 0x00000000083da800 Uncommon trap: reason=bimorphic action=maybe_recompile pc=0x0000000014bec19c method=javax.swing.text.Utilities.isComposedTextElement(Ljavax/swing/text/Element;)Z @ 1
Event: 7893.617 Thread 0x00000000083da800 Uncommon trap: reason=bimorphic action=maybe_recompile pc=0x0000000014cfe2c8 method=com.jidesoft.plaf.basic.BasicStyledLabelUI.layoutCL(Ljavax/swing/JLabel;Ljava/awt/FontMetrics;Ljava/lang/String;Ljavax/swing/Icon;Ljava/awt/Rectangle;Ljava/awt/Rectangle;LjWjjû’æ@
Event: 7893.617 Thread 0x00000000083da800 Uncommon trap: reason=bimorphic action=maybe_recompile pc=0x0000000014cfe2c8 method=com.jidesoft.plaf.basic.BasicStyledLabelUI.layoutCL(Ljavax/swing/JLabel;Ljava/awt/FontMetrics;Ljava/lang/String;Ljavax/swing/Icon;Ljava/awt/Rectangle;Ljava/awt/Rectangle;Lj°¶Å$û’æ@
Event: 7893.618 Thread 0x00000000083da800 Uncommon trap: reason=bimorphic action=maybe_recompile pc=0x0000000014ff33d8 method=com.jidesoft.grid.AbstractExpandable.addChild(ILjava/lang/Object;)Ljava/lang/Object; @ 89
Event: 7893.618 Thread 0x00000000083da800 Uncommon trap: reason=bimorphic action=maybe_recompile pc=0x0000000014cfe2c8 method=com.jidesoft.plaf.basic.BasicStyledLabelUI.layoutCL(Ljavax/swing/JLabel;Ljava/awt/FontMetrics;Ljava/lang/String;Ljavax/swing/Icon;Ljava/awt/Rectangle;Ljava/awt/Rectangle;Lj‡i
Event: 7893.618 Thread 0x00000000083da800 Uncommon trap: reason=bimorphic action=maybe_recompile pc=0x0000000014cfe2c8 method=com.jidesoft.plaf.basic.BasicStyledLabelUI.layoutCL(Ljavax/swing/JLabel;Ljava/awt/FontMetrics;Ljava/lang/String;Ljavax/swing/Icon;Ljava/awt/Rectangle;Ljava/awt/Rectangle;LjÈÛ¸≥ü’æ@
Event: 7893.624 Thread 0x00000000083da800 Uncommon trap: reason=bimorphic action=maybe_recompile pc=0x0000000014ff33d8 method=com.jidesoft.grid.AbstractExpandable.addChild(ILjava/lang/Object;)Ljava/lang/Object; @ 89
Event: 7893.627 Thread 0x00000000083da800 Uncommon trap: reason=bimorphic action=maybe_recompile pc=0x0000000014ff33d8 method=com.jidesoft.grid.AbstractExpandable.addChild(ILjava/lang/Object;)Ljava/lang/Object; @ 89
Event: 7893.632 Thread 0x00000000083da800 Uncommon trap: reason=bimorphic action=maybe_recompile pc=0x0000000014ff33d8 method=com.jidesoft.grid.AbstractExpandable.addChild(ILjava/lang/Object;)Ljava/lang/Object; @ 89
Event: 7893.727 Thread 0x00000000083da800 Uncommon trap: reason=bimorphic action=maybe_recompile pc=0x0000000014eae8f4 method=com.jidesoft.plaf.basic.BasicStyledLabelUI.layoutCL(Ljavax/swing/JLabel;Ljava/awt/FontMetrics;Ljava/lang/String;Ljavax/swing/Icon;Ljava/awt/Rectangle;Ljava/awt/Rectangle;Lj∞:û’æ@

Internal exceptions (10 events):
Event: 7810.652 Thread 0x00000000083da800 Exception <a 'java/security/PrivilegedActionException'> (0x00000007bcda5090) thrown at [D:\re\workspace\8-2-build-windows-amd64-cygwin\jdk8u5\2488\hotspot\src\share\vm\prims\jvm.cpp, line 1248]
Event: 7810.656 Thread 0x00000000083da800 Exception <a 'java/security/PrivilegedActionException'> (0x00000007bce10b40) thrown at [D:\re\workspace\8-2-build-windows-amd64-cygwin\jdk8u5\2488\hotspot\src\share\vm\prims\jvm.cpp, line 1248]
Event: 7810.656 Thread 0x00000000083da800 Exception <a 'java/security/PrivilegedActionException'> (0x00000007bce16f40) thrown at [D:\re\workspace\8-2-build-windows-amd64-cygwin\jdk8u5\2488\hotspot\src\share\vm\prims\jvm.cpp, line 1248]
Event: 7810.657 Thread 0x00000000083da800 Exception <a 'java/security/PrivilegedActionException'> (0x00000007bce1eb28) thrown at [D:\re\workspace\8-2-build-windows-amd64-cygwin\jdk8u5\2488\hotspot\src\share\vm\prims\jvm.cpp, line 1248]
Event: 7810.659 Thread 0x00000000083da800 Exception <a 'java/security/PrivilegedActionException'> (0x00000007bce5a418) thrown at [D:\re\workspace\8-2-build-windows-amd64-cygwin\jdk8u5\2488\hotspot\src\share\vm\prims\jvm.cpp, line 1248]
Event: 7810.745 Thread 0x00000000083da800 Implicit null exception at 0x000000001238cd17 to 0x000000001238d229
Event: 7810.911 Thread 0x00000000083da800 Exception <a 'java/security/PrivilegedActionException'> (0x00000007bc7e28a8) thrown at [D:\re\workspace\8-2-build-windows-amd64-cygwin\jdk8u5\2488\hotspot\src\share\vm\prims\jvm.cpp, line 1248]
Event: 7810.932 Thread 0x00000000083da800 Exception <a 'java/security/PrivilegedActionException'> (0x00000007bcc42b08) thrown at [D:\re\workspace\8-2-build-windows-amd64-cygwin\jdk8u5\2488\hotspot\src\share\vm\prims\jvm.cpp, line 1248]
Event: 7810.947 Thread 0x00000000083da800 Exception <a 'java/security/PrivilegedActionException'> (0x00000007bcca6f68) thrown at [D:\re\workspace\8-2-build-windows-amd64-cygwin\jdk8u5\2488\hotspot\src\share\vm\prims\jvm.cpp, line 1248]
Event: 7857.569 Thread 0x00000000083da800 Implicit null exception at 0x00000000144a7dd4 to 0x00000000144a83e5

Events (10 events):
Event: 7893.727 Thread 0x00000000083da800 Uncommon trap: trap_request=0xffffffc6 fr.pc=0x0000000014eae8f4
Event: 7893.727 Thread 0x00000000083da800 DEOPT PACKING pc=0x0000000014eae8f4 sp=0x0000000026e2a120
Event: 7893.727 Thread 0x00000000083da800 DEOPT UNPACKING pc=0x00000000122b55af sp=0x0000000026e2a100 mode 2
Event: 7893.729 Executing VM operation: RevokeBias
Event: 7893.730 Executing VM operation: RevokeBias done
Event: 7893.730 Executing VM operation: RevokeBias
Event: 7893.730 Executing VM operation: RevokeBias done
Event: 7893.730 Thread 0x000000004ac3b800 Thread exited: 0x000000004ac3b800
Event: 7893.730 Executing VM operation: RevokeBias
Event: 7893.730 Executing VM operation: RevokeBias done


Dynamic libraries:
0x000000013f0f0000 - 0x000000013f12d000 	D:\Xilinx\Vivado\2014.3\bin\unwrapped\win64.o\vivado.exe
0x0000000076f60000 - 0x000000007710a000 	C:\windows\SYSTEM32\ntdll.dll
0x0000000076d40000 - 0x0000000076e5f000 	C:\windows\system32\kernel32.dll
0x000007fefcf70000 - 0x000007fefcfda000 	C:\windows\system32\KERNELBASE.dll
0x000000000a900000 - 0x000000000a98d000 	D:\Xilinx\Vivado\2014.3\lib\win64.o\SHSMP64.dll
0x0000000076e60000 - 0x0000000076f5a000 	C:\windows\system32\USER32.dll
0x000007fefd9b0000 - 0x000007fefda17000 	C:\windows\system32\GDI32.dll
0x000007fefec30000 - 0x000007fefec3e000 	C:\windows\system32\LPK.dll
0x000007fefd840000 - 0x000007fefd90a000 	C:\windows\system32\USP10.dll
0x000007fefd500000 - 0x000007fefd59f000 	C:\windows\system32\msvcrt.dll
0x000007feff090000 - 0x000007feff16b000 	C:\windows\system32\ADVAPI32.dll
0x000007fefd820000 - 0x000007fefd83f000 	C:\windows\SYSTEM32\sechost.dll
0x000007fefda20000 - 0x000007fefdb4d000 	C:\windows\system32\RPCRT4.dll
0x000007fefbdd0000 - 0x000007fefbddc000 	C:\windows\system32\VERSION.dll
0x000007fee88d0000 - 0x000007fee88e3000 	D:\Xilinx\Vivado\2014.3\lib\win64.o\libboost_signals.dll
0x000007fef9860000 - 0x000007fef9907000 	C:\windows\system32\MSVCP110.dll
0x000007fef9780000 - 0x000007fef9854000 	C:\windows\system32\MSVCR110.dll
0x000007fee7fe0000 - 0x000007fee88c1000 	D:\Xilinx\Vivado\2014.3\lib\win64.o\librdi_common.dll
0x000007fee7d30000 - 0x000007fee7fd8000 	D:\Xilinx\Vivado\2014.3\lib\win64.o\libCOIN-all.dll
0x000007fee7b10000 - 0x000007fee7d2f000 	D:\Xilinx\Vivado\2014.3\lib\win64.o\libXil_lmgr11.dll
0x000007fefabb0000 - 0x000007fefabc6000 	C:\windows\system32\NETAPI32.dll
0x000007fefaba0000 - 0x000007fefabac000 	C:\windows\system32\netutils.dll
0x000007fefc780000 - 0x000007fefc7a3000 	C:\windows\system32\srvcli.dll
0x000007fefab80000 - 0x000007fefab95000 	C:\windows\system32\wkscli.dll
0x000007fefd910000 - 0x000007fefd9a7000 	C:\windows\system32\COMDLG32.dll
0x000007fefdb50000 - 0x000007fefdbc1000 	C:\windows\system32\SHLWAPI.dll
0x000007fee7a70000 - 0x000007fee7b10000 	C:\windows\WinSxS\amd64_microsoft.windows.common-controls_6595b64144ccf1df_5.82.7601.18837_none_a4d981ff711297b6\COMCTL32.dll
0x000007fefdbd0000 - 0x000007fefe95c000 	C:\windows\system32\SHELL32.dll
0x000007fefad00000 - 0x000007fefad09000 	C:\windows\system32\WSOCK32.dll
0x000007fefd7b0000 - 0x000007fefd7fd000 	C:\windows\system32\WS2_32.dll
0x000007fefd0a0000 - 0x000007fefd0a8000 	C:\windows\system32\NSI.dll
0x000007fefee20000 - 0x000007fefeef8000 	C:\windows\system32\OLEAUT32.dll
0x000007fefd5a0000 - 0x000007fefd7a3000 	C:\windows\system32\ole32.dll
0x000007fefd060000 - 0x000007fefd09b000 	C:\windows\system32\WINTRUST.dll
0x000007fefcd30000 - 0x000007fefce9d000 	C:\windows\system32\CRYPT32.dll
0x000007fefcce0000 - 0x000007fefccef000 	C:\windows\system32\MSASN1.dll
0x000007fee9bc0000 - 0x000007fee9bd0000 	D:\Xilinx\Vivado\2014.3\lib\win64.o\libboost_date_time.dll
0x000007fee7a40000 - 0x000007fee7a61000 	D:\Xilinx\Vivado\2014.3\lib\win64.o\libboost_filesystem.dll
0x000007fee9bb0000 - 0x000007fee9bb9000 	D:\Xilinx\Vivado\2014.3\lib\win64.o\libboost_system.dll
0x000007fee79c0000 - 0x000007fee7a34000 	D:\Xilinx\Vivado\2014.3\lib\win64.o\libboost_program_options.dll
0x000007fee78c0000 - 0x000007fee79bb000 	D:\Xilinx\Vivado\2014.3\lib\win64.o\libboost_regex.dll
0x000007fee78a0000 - 0x000007fee78bc000 	D:\Xilinx\Vivado\2014.3\lib\win64.o\libboost_thread.dll
0x000007fee9ba0000 - 0x000007fee9bab000 	D:\Xilinx\Vivado\2014.3\lib\win64.o\libboost_chrono.dll
0x000007fee77a0000 - 0x000007fee7820000 	D:\Xilinx\Vivado\2014.3\lib\win64.o\libhdlpsolve.dll
0x000007fee7700000 - 0x000007fee779a000 	D:\Xilinx\Vivado\2014.3\lib\win64.o\libhdxml.dll
0x000007fee6ff0000 - 0x000007fee76f2000 	D:\Xilinx\Vivado\2014.3\lib\win64.o\libisl_iostreams.dll
0x000007fee7880000 - 0x000007fee7897000 	D:\Xilinx\Vivado\2014.3\lib\win64.o\libboost_iostreams.dll
0x000007fee7850000 - 0x000007fee7873000 	D:\Xilinx\Vivado\2014.3\lib\win64.o\librdizlib.dll
0x000007fee7820000 - 0x000007fee7843000 	D:\Xilinx\Vivado\2014.3\lib\win64.o\libisl_iosutils.dll
0x000007fee6f90000 - 0x000007fee6fba000 	D:\Xilinx\Vivado\2014.3\lib\win64.o\libisl_sysinfo.dll
0x0000000064280000 - 0x0000000064aaa000 	D:\Xilinx\Vivado\2014.3\tps\win64\jre\bin\server\jvm.dll
0x000007fef4b70000 - 0x000007fef4bab000 	C:\windows\system32\WINMM.dll
0x0000000077130000 - 0x0000000077137000 	C:\windows\system32\PSAPI.DLL
0x0000000070940000 - 0x0000000070a12000 	C:\windows\system32\MSVCR100.dll
0x000007fee6fd0000 - 0x000007fee6fe5000 	D:\Xilinx\Vivado\2014.3\lib\win64.o\pthreadVC2.dll
0x000007fee6f30000 - 0x000007fee6f86000 	D:\Xilinx\Vivado\2014.3\lib\win64.o\librdi_commonxillic.dll
0x000007fee6e00000 - 0x000007fee6f30000 	D:\Xilinx\Vivado\2014.3\lib\win64.o\librdi_curl.dll
0x000007fee6de0000 - 0x000007fee6df8000 	D:\Xilinx\Vivado\2014.3\lib\win64.o\librdiconfig.dll
0x00000000651b0000 - 0x00000000652d7000 	D:\Xilinx\Vivado\2014.3\lib\win64.o\tcl85t.dll
0x0000000012000000 - 0x0000000012263000 	D:\Xilinx\Vivado\2014.3\lib\win64.o\xerces-c_3_1.dll
0x000007fefd270000 - 0x000007fefd4f3000 	C:\windows\system32\WININET.dll
0x000007fefcd10000 - 0x000007fefcd14000 	C:\windows\system32\api-ms-win-downlevel-user32-l1-1-0.dll
0x000007fefcd00000 - 0x000007fefcd04000 	C:\windows\system32\api-ms-win-downlevel-shlwapi-l1-1-0.dll
0x000007fefd050000 - 0x000007fefd054000 	C:\windows\system32\api-ms-win-downlevel-version-l1-1-0.dll
0x000007fefd040000 - 0x000007fefd043000 	C:\windows\system32\api-ms-win-downlevel-normaliz-l1-1-0.dll
0x0000000077120000 - 0x0000000077123000 	C:\windows\system32\normaliz.DLL
0x000007fefe960000 - 0x000007fefec29000 	C:\windows\system32\iertutil.dll
0x000007fefcea0000 - 0x000007fefcea5000 	C:\windows\system32\api-ms-win-downlevel-advapi32-l1-1-0.dll
0x000007fefd020000 - 0x000007fefd03e000 	C:\windows\system32\USERENV.dll
0x000007fefccf0000 - 0x000007fefccff000 	C:\windows\system32\profapi.dll
0x000007fef94c0000 - 0x000007fef9531000 	C:\windows\system32\WINHTTP.dll
0x000007fef9450000 - 0x000007fef94b5000 	C:\windows\system32\webio.dll
0x000007fefd0e0000 - 0x000007fefd265000 	C:\windows\system32\urlmon.dll
0x000007fefcd20000 - 0x000007fefcd24000 	C:\windows\system32\api-ms-win-downlevel-ole32-l1-1-0.dll
0x000007fee6db0000 - 0x000007fee6dd3000 	C:\windows\system32\VCOMP110.DLL
0x000007fee6d90000 - 0x000007fee6da1000 	D:\Xilinx\Vivado\2014.3\lib\win64.o\librdi_commonmain.dll
0x000007fee6fc0000 - 0x000007fee6fc9000 	D:\Xilinx\Vivado\2014.3\lib\win64.o\librdi_commonversion.dll
0x000007fefd0b0000 - 0x000007fefd0de000 	C:\windows\system32\IMM32.DLL
0x000007fefef00000 - 0x000007feff009000 	C:\windows\system32\MSCTF.dll
0x000007fee65d0000 - 0x000007fee69a9000 	D:\Xilinx\Vivado\2014.3\lib\win64.o\librdi_commontasks.dll
0x000007fee5dc0000 - 0x000007fee65d0000 	D:\Xilinx\Vivado\2014.3\lib\win64.o\libXil_lmgr11FNP.dll
0x000007fefa430000 - 0x000007fefa457000 	C:\windows\system32\iphlpapi.dll
0x000007fefa410000 - 0x000007fefa41b000 	C:\windows\system32\WINNSI.DLL
0x000007fef83d0000 - 0x000007fef83db000 	C:\windows\system32\snmpapi.dll
0x000007fefec40000 - 0x000007fefee17000 	C:\windows\system32\SETUPAPI.dll
0x000007fefcfe0000 - 0x000007fefd016000 	C:\windows\system32\CFGMGR32.dll
0x000007fefcf50000 - 0x000007fefcf6a000 	C:\windows\system32\DEVOBJ.dll
0x000007fef8470000 - 0x000007fef84e1000 	C:\windows\system32\WINSPOOL.DRV
0x000007fefa540000 - 0x000007fefa594000 	C:\windows\system32\OLEACC.dll
0x000007fefc4e0000 - 0x000007fefc4f8000 	C:\windows\system32\CRYPTSP.dll
0x000007fefc1e0000 - 0x000007fefc227000 	C:\windows\system32\rsaenh.dll
0x000007fefcb80000 - 0x000007fefcb8f000 	C:\windows\system32\CRYPTBASE.dll
0x000007fefb2a0000 - 0x000007fefb2f6000 	C:\windows\system32\uxtheme.dll
0x000007fefa920000 - 0x000007fefa935000 	C:\windows\system32\NLAapi.dll
0x000007fef9320000 - 0x000007fef9335000 	C:\windows\system32\napinsp.dll
0x000007fef9300000 - 0x000007fef9319000 	C:\windows\system32\pnrpnsp.dll
0x000007fefc480000 - 0x000007fefc4d5000 	C:\windows\System32\mswsock.dll
0x000007fefc300000 - 0x000007fefc35b000 	C:\windows\system32\DNSAPI.dll
0x000007fef9410000 - 0x000007fef941b000 	C:\windows\System32\winrnr.dll
0x000007fefa2d0000 - 0x000007fefa323000 	C:\windows\System32\fwpuclnt.dll
0x000007feff170000 - 0x000007feff209000 	C:\windows\system32\CLBCatQ.DLL
0x000007fef8620000 - 0x000007fef8628000 	C:\windows\system32\rasadhlp.dll
0x000007fefc470000 - 0x000007fefc477000 	C:\windows\System32\wship6.dll
0x000007fefbea0000 - 0x000007fefbea7000 	C:\windows\System32\wshtcpip.dll
0x000007fefcc30000 - 0x000007fefcc44000 	C:\windows\system32\RpcRtRemote.dll
0x000007fee5860000 - 0x000007fee5db1000 	D:\Xilinx\Vivado\2014.3\lib\win64.o\librdi_coretasks.dll
0x000007fee6c70000 - 0x000007fee6d8e000 	D:\Xilinx\Vivado\2014.3\lib\win64.o\librdi_board.dll
0x000007fee6aa0000 - 0x000007fee6c68000 	D:\Xilinx\Vivado\2014.3\lib\win64.o\librdi_chipscope.dll
0x000007fee6a30000 - 0x000007fee6a93000 	D:\Xilinx\Vivado\2014.3\lib\win64.o\liblmx6.0.dll
0x000007fee4720000 - 0x000007fee585f000 	D:\Xilinx\Vivado\2014.3\lib\win64.o\librdi_constraints.dll
0x000007fee69f0000 - 0x000007fee6a24000 	D:\Xilinx\Vivado\2014.3\lib\win64.o\librdi_boarddep.dll
0x000007fede290000 - 0x000007fee471d000 	D:\Xilinx\Vivado\2014.3\lib\win64.o\librdi_device.dll
0x000007fede210000 - 0x000007fede28e000 	D:\Xilinx\Vivado\2014.3\lib\win64.o\libboost_serialization.dll
0x000007feddaf0000 - 0x000007fede20a000 	D:\Xilinx\Vivado\2014.3\lib\win64.o\libverific.dll
0x000007fedd810000 - 0x000007feddaee000 	D:\Xilinx\Vivado\2014.3\lib\win64.o\librdi_filemgmt.dll
0x000007fedd3f0000 - 0x000007fedd80b000 	D:\Xilinx\Vivado\2014.3\lib\win64.o\librdi_netlist.dll
0x000007fedcf60000 - 0x000007fedd3e2000 	D:\Xilinx\Vivado\2014.3\lib\win64.o\librdi_psta.dll
0x000007fedbb70000 - 0x000007fedcf55000 	D:\Xilinx\Vivado\2014.3\lib\win64.o\librdi_coregen.dll
0x000007fedb4c0000 - 0x000007fedbb62000 	D:\Xilinx\Vivado\2014.3\lib\win64.o\librdi_coregenipxact.dll
0x000007fed7f20000 - 0x000007fedb4b2000 	D:\Xilinx\Vivado\2014.3\lib\win64.o\librdi_designutils.dll
0x000007fed7d10000 - 0x000007fed7f19000 	D:\Xilinx\Vivado\2014.3\lib\win64.o\librdi_bitstream.dll
0x000007fed77d0000 - 0x000007fed7d10000 	D:\Xilinx\Vivado\2014.3\lib\win64.o\librdi_xdm.dll
0x000007fed7400000 - 0x000007fed77c1000 	D:\Xilinx\Vivado\2014.3\lib\win64.o\librdi_drc.dll
0x000007fed6b40000 - 0x000007fed73fe000 	D:\Xilinx\Vivado\2014.3\lib\win64.o\librdi_timing.dll
0x000007fed6930000 - 0x000007fed6b3c000 	D:\Xilinx\Vivado\2014.3\lib\win64.o\librdi_dlyest.dll
0x000007fed6890000 - 0x000007fed6927000 	D:\Xilinx\Vivado\2014.3\lib\win64.o\libise.dll
0x000007fed5370000 - 0x000007fed6882000 	D:\Xilinx\Vivado\2014.3\lib\win64.o\librdi_place.dll
0x000007fed4db0000 - 0x000007fed536c000 	D:\Xilinx\Vivado\2014.3\lib\win64.o\librdi_abc_nomp.dll

VM Arguments:
jvm_args: -Dsun.java2d.pmoffscreen=false -Dsun.java2d.d3d=false -Dsun.awt.nopixfmt=true -Xverify:none -Dswing.aatext=true -XX:-UsePerfData -Djdk.map.althashing.threshold=512 -XX:StringTableSize=4072 -Djava.util.Arrays.useLegacyMergeSort=true -XX:NewSize=60m -XX:MaxNewSize=60m -Xms128m -Xmx3072m -Xss5m 
java_command: <unknown>
java_class_path (initial): D:/Xilinx/Vivado/2014.3\lib\classes\alloy.jar;D:/Xilinx/Vivado/2014.3\lib\classes\batik-anim.jar;D:/Xilinx/Vivado/2014.3\lib\classes\batik-awt-util.jar;D:/Xilinx/Vivado/2014.3\lib\classes\batik-bridge.jar;D:/Xilinx/Vivado/2014.3\lib\classes\batik-codec.jar;D:/Xilinx/Vivado/2014.3\lib\classes\batik-css.jar;D:/Xilinx/Vivado/2014.3\lib\classes\batik-dom.jar;D:/Xilinx/Vivado/2014.3\lib\classes\batik-ext.jar;D:/Xilinx/Vivado/2014.3\lib\classes\batik-gui-util.jar;D:/Xilinx/Vivado/2014.3\lib\classes\batik-gvt.jar;D:/Xilinx/Vivado/2014.3\lib\classes\batik-parser.jar;D:/Xilinx/Vivado/2014.3\lib\classes\batik-script.jar;D:/Xilinx/Vivado/2014.3\lib\classes\batik-svg-dom.jar;D:/Xilinx/Vivado/2014.3\lib\classes\batik-swing.jar;D:/Xilinx/Vivado/2014.3\lib\classes\batik-transcoder.jar;D:/Xilinx/Vivado/2014.3\lib\classes\batik-util.jar;D:/Xilinx/Vivado/2014.3\lib\classes\batik-xml.jar;D:/Xilinx/Vivado/2014.3\lib\classes\commons-collections-3.1.jar;D:/Xilinx/Vivado/2014.3\lib\classes\commons-logging.jar;D:/Xilinx/Vivado/2014.3\lib\classes\commons-math-2.2.jar;D:/Xilinx/Vivado/2014.3\lib\classes\dom4j-1.6.1.jar;D:/Xilinx/Vivado/2014.3\lib\classes\forms.jar;D:/Xilinx/Vivado/2014.3\lib\classes\guava-15.0.jar;D:/Xilinx/Vivado/2014.3\lib\classes\hibernate-jpa-2.0-api-1.0.1.Final.jar;D:/Xilinx/Vivado/2014.3\lib\classes\hibernate3.jar;D:/Xilinx/Vivado/2014.3\lib\classes\hsqldb.jar;D:/Xilinx/Vivado/2014.3\lib\classes\informa.jar;D:/Xilinx/Vivado/2014.3\lib\classes\jdom.jar;D:/Xilinx/Vivado/2014.3\lib\classes\jide-action.jar;D:/Xilinx/Vivado/2014.3\lib\classes\jide-charts.jar;D:/Xilinx/Vivado/2014.3\lib\classes\jide-common.jar;D:/Xilinx/Vivado/2014.3\lib\classes\jide-components.jar;D:/Xilinx/Vivado/2014.3\lib\classes\jide-dashboard.jar;D:/Xilinx/Vivado/2014.3\lib\classes\jide-data.jar;D:/Xilinx/Vivado/2014.3\lib\classes\jide-dialogs.jar;D:/Xilinx/Vivado/2014.3\lib\classes\jide-diff.jar;D:/Xilinx/Vivado/2014.3\lib\classes\jide-dock.jar;D:/Xilinx/Vivado/2014.3\lib\
Launcher Type: generic

Environment Variables:
PATH=D:/Xilinx/Vivado/2014.3/bin;D:/Xilinx/Vivado/2014.3/lib/win64.o;D:/Xilinx/Vivado/2014.3/tps/win64/jre/bin/server;D:/Xilinx/Vivado/2014.3/tps/win64/jre/bin;D:/Xilinx/Vivado/2014.3/ids_lite/ISE/bin/nt64;D:/Xilinx/Vivado/2014.3/ids_lite/ISE/lib/nt64;D:\PROGRA~1\IMAGIN~1\TOOLCH~1\mips-mti-linux-gnu\2015.06-05\bin;D:\PROGRA~1\IMAGIN~1\TOOLCH~1\mips-mti-elf\2015.06-05\bin;C:\ProgramData\Oracle\Java\javapath;C:\Program Files (x86)\Common Files\NetSarang;C:\Program Files (x86)\Intel\iCLS Client\;C:\Program Files\Intel\iCLS Client\;C:\windows\system32;C:\windows;C:\windows\System32\Wbem;C:\windows\System32\WindowsPowerShell\v1.0\;C:\Program Files\Intel\Intel(R) Management Engine Components\DAL;C:\Program Files\Intel\Intel(R) Management Engine Components\IPT;C:\Program Files (x86)\Intel\Intel(R) Management Engine Components\DAL;C:\Program Files (x86)\Intel\Intel(R) Management Engine Components\IPT;C:\Program Files (x86)\Windows Kits\8.1\Windows Performance Toolkit\;C:\Program Files\Microsoft SQL Server\110\Tools\Binn\;C:\Program Files (x86)\QuickTime\QTSystem\;C:\Program Files (x86)\Microsoft SDKs\TypeScript\1.0\;D:\Program Files (x86)\nodejs\;D:\PROGRA~1\IMAGIN~1\Internals\msys\bin;C:\texlive\2015\bin\win32;D:\cvcv\cv248\opencv\build\x86\vc12\bin;D:\cvcv\cv248\opencv\build;C:\Python27;C:\Python27\Scripts;C:\Users\SystemGroup102\AppData\Roaming\npm
USERNAME=SystemGroup102
OS=Windows_NT
PROCESSOR_IDENTIFIER=Intel64 Family 6 Model 60 Stepping 3, GenuineIntel



---------------  S Y S T E M  ---------------

OS: Windows 7 , 64 bit Build 7601 Service Pack 1

CPU:total 8 (4 cores per cpu, 2 threads per core) family 6 model 60 stepping 3, cmov, cx8, fxsr, mmx, sse, sse2, sse3, ssse3, sse4.1, sse4.2, popcnt, avx, avx2, aes, clmul, erms, ht, tsc, tscinvbit

Memory: 4k page, physical 8294640k(3186004k free), swap 16587420k(10757372k free)

vm_info: Java HotSpot(TM) 64-Bit Server VM (25.5-b02) for windows-amd64 JRE (1.8.0_05-b13), built on Mar 18 2014 01:08:39 by "java_re" with MS VC++ 10.0 (VS2010)

time: Thu Jun 23 18:55:29 2016
elapsed time: 7894 seconds

