#-----------------------------------------------------------
# Vivado v2014.3.1 (64-bit)
# SW Build 1034051 on Fri Oct  3 17:14:12 MDT 2014
# IP Build 1028902 on Fri Sep 26 17:35:13 MDT 2014
# Start of session at: Sun Jul 17 15:07:22 2016
# Process ID: 6332
# Log file: E:/goodbye/fpga/styxfpga/styx_uvga/vivado.log
# Journal file: E:/goodbye/fpga/styxfpga/styx_uvga\vivado.jou
#-----------------------------------------------------------
start_gui
open_project E:/goodbye/fpga/styxfpga/styx_uvga/styx_uvga.xpr
INFO: [Project 1-313] Project file moved from 'E:/VIVA/styxfpga/styx_uvga' since last save.
Scanning sources...
Finished scanning sources
INFO: [IP_Flow 19-234] Refreshing IP repositories
INFO: [IP_Flow 19-1704] No user IP repositories specified
INFO: [IP_Flow 19-2313] Loaded Vivado IP repository 'D:/Xilinx/Vivado/2014.3/data/ip'.
open_project: Time (s): cpu = 00:00:18 ; elapsed = 00:00:11 . Memory (MB): peak = 777.555 ; gain = 178.984
update_compile_order -fileset sim_1
exit
INFO: [Common 17-206] Exiting Vivado at Sun Jul 17 15:08:15 2016...
